
##################################################
Starting benchmark with 10 processes and adversary behavior 1
Total trials: 3
##################################################


==================================================
TRIAL 1/3 | 2025-06-29 02:12:16
Processes: 10 | Adversary: 1
==================================================

Timing breakdown:
- Initialization: 0.0000s
- Process creation: 0.0000s
- Agreement protocol: 109.2831s
- Total trial time: 109.2831s
process(0) = 0 @epoch: 1 | input: 0 | faulty: True
process(1) = 0 @epoch: 1 | input: 1 | faulty: False
process(2) = 0 @epoch: 1 | input: 0 | faulty: False
process(3) = 0 @epoch: 1 | input: 0 | faulty: False
process(4) = 0 @epoch: 1 | input: 1 | faulty: False
process(5) = 0 @epoch: 1 | input: 0 | faulty: True
process(6) = 0 @epoch: 1 | input: 0 | faulty: True
process(7) = 0 @epoch: 1 | input: 0 | faulty: False
process(8) = 0 @epoch: 1 | input: 1 | faulty: False
process(9) = 0 @epoch: 1 | input: 0 | faulty: False

[First to decide] Process(6) decided at epoch 1
PASSED TESTS:  4 / 4
Lemma 9:  True
Agreement:  True
Termination:  True
Validity:  True


==================================================
TRIAL 2/3 | 2025-06-29 02:14:05
Processes: 10 | Adversary: 1
==================================================

Timing breakdown:
- Initialization: 0.0000s
- Process creation: 0.0000s
- Agreement protocol: 119.4957s
- Total trial time: 119.4957s
process(0) = 1 @epoch: 1 | input: 1 | faulty: True
process(1) = 1 @epoch: 1 | input: 1 | faulty: False
process(2) = 1 @epoch: 1 | input: 1 | faulty: False
process(3) = 1 @epoch: 1 | input: 1 | faulty: False
process(4) = 1 @epoch: 1 | input: 0 | faulty: True
process(5) = 1 @epoch: 1 | input: 1 | faulty: False
process(6) = 1 @epoch: 1 | input: 1 | faulty: False
process(7) = 1 @epoch: 1 | input: 1 | faulty: False
process(8) = 1 @epoch: 1 | input: 0 | faulty: True
process(9) = 1 @epoch: 1 | input: 1 | faulty: False

[First to decide] Process(0) decided at epoch 1
PASSED TESTS:  4 / 4
Lemma 9:  True
Agreement:  True
Termination:  True
Validity:  True


==================================================
TRIAL 3/3 | 2025-06-29 02:16:05
Processes: 10 | Adversary: 1
==================================================

Timing breakdown:
- Initialization: 0.0000s
- Process creation: 0.0001s
- Agreement protocol: 177.8096s
- Total trial time: 177.8097s
process(0) = 1 @epoch: 2 | input: 1 | faulty: False
process(1) = 1 @epoch: 2 | input: 0 | faulty: False
process(2) = 1 @epoch: 2 | input: 1 | faulty: False
process(3) = 0 @epoch: 1 | input: 0 | faulty: True
process(4) = 1 @epoch: 2 | input: 0 | faulty: False
process(5) = 1 @epoch: 2 | input: 0 | faulty: False
process(6) = 1 @epoch: 2 | input: 1 | faulty: False
process(7) = 0 @epoch: 1 | input: 1 | faulty: True
process(8) = 1 @epoch: 1 | input: 1 | faulty: True
process(9) = 1 @epoch: 2 | input: 0 | faulty: False

[First to decide] Process(6) decided at epoch 2
PASSED TESTS:  4 / 4
Lemma 9:  True
Agreement:  True
Termination:  True
Validity:  True


##################################################
SUMMARY OVER 3 TRIALS
##################################################
Average time per trial: 135.53s ± 36.97s
Average decision epoch: 1.23 ± 0.40

Detailed timings:
Trial 1: 109.2831s
Trial 2: 119.4957s
Trial 3: 177.8096s
