
##################################################
Starting benchmark with 10 processes and adversary behavior 2
Total trials: 3
##################################################


==================================================
TRIAL 1/3 | 2025-06-29 02:19:03
Processes: 10 | Adversary: 2
==================================================

Timing breakdown:
- Initialization: 0.0000s
- Process creation: 0.0000s
- Agreement protocol: 111.0876s
- Total trial time: 111.0877s
process(0) = 1 @epoch: 1 | input: 1 | faulty: True
process(1) = 1 @epoch: 1 | input: 0 | faulty: False
process(2) = 1 @epoch: 1 | input: 1 | faulty: False
process(3) = 1 @epoch: 1 | input: 0 | faulty: True
process(4) = 1 @epoch: 1 | input: 0 | faulty: False
process(5) = 1 @epoch: 1 | input: 1 | faulty: False
process(6) = 1 @epoch: 1 | input: 1 | faulty: False
process(7) = 1 @epoch: 1 | input: 1 | faulty: False
process(8) = 1 @epoch: 1 | input: 1 | faulty: False
process(9) = 1 @epoch: 1 | input: 0 | faulty: True

[First to decide] Process(3) decided at epoch 1
PASSED TESTS:  4 / 4
Lemma 9:  True
Agreement:  True
Termination:  True
Validity:  True


==================================================
TRIAL 2/3 | 2025-06-29 02:20:54
Processes: 10 | Adversary: 2
==================================================

Timing breakdown:
- Initialization: 0.0000s
- Process creation: 0.0000s
- Agreement protocol: 181.6341s
- Total trial time: 181.6342s
process(0) = 0 @epoch: 2 | input: 1 | faulty: False
process(1) = 0 @epoch: 2 | input: 1 | faulty: False
process(2) = 0 @epoch: 1 | input: 0 | faulty: True
process(3) = 0 @epoch: 2 | input: 0 | faulty: False
process(4) = 0 @epoch: 2 | input: 0 | faulty: False
process(5) = 1 @epoch: 1 | input: 1 | faulty: True
process(6) = 0 @epoch: 2 | input: 0 | faulty: False
process(7) = 0 @epoch: 2 | input: 0 | faulty: False
process(8) = 0 @epoch: 2 | input: 1 | faulty: False
process(9) = 0 @epoch: 1 | input: 1 | faulty: True

[First to decide] Process(3) decided at epoch 2
PASSED TESTS:  4 / 4
Lemma 9:  True
Agreement:  True
Termination:  True
Validity:  True


==================================================
TRIAL 3/3 | 2025-06-29 02:23:56
Processes: 10 | Adversary: 2
==================================================

Timing breakdown:
- Initialization: 0.0000s
- Process creation: 0.0000s
- Agreement protocol: 123.0180s
- Total trial time: 123.0181s
process(0) = 1 @epoch: 1 | input: 1 | faulty: False
process(1) = 1 @epoch: 1 | input: 0 | faulty: False
process(2) = 1 @epoch: 1 | input: 1 | faulty: False
process(3) = 1 @epoch: 1 | input: 0 | faulty: False
process(4) = 1 @epoch: 1 | input: 0 | faulty: False
process(5) = 1 @epoch: 1 | input: 1 | faulty: True
process(6) = 1 @epoch: 1 | input: 1 | faulty: True
process(7) = 1 @epoch: 1 | input: 1 | faulty: True
process(8) = 1 @epoch: 1 | input: 0 | faulty: False
process(9) = 1 @epoch: 1 | input: 1 | faulty: False

[First to decide] Process(5) decided at epoch 1
PASSED TESTS:  4 / 4
Lemma 9:  True
Agreement:  True
Termination:  True
Validity:  True


##################################################
SUMMARY OVER 3 TRIALS
##################################################
Average time per trial: 138.58s ± 37.76s
Average decision epoch: 1.23 ± 0.40

Detailed timings:
Trial 1: 111.0876s
Trial 2: 181.6341s
Trial 3: 123.0180s
