
##################################################
Starting benchmark with 28 processes and adversary behavior 1
Total trials: 5
##################################################


==================================================
TRIAL 1/5 | 2025-06-28 13:17:44
Processes: 28 | Adversary: 1
==================================================

Timing breakdown:
- Initialization: 0.0000s
- Process creation: 0.0001s
- Agreement protocol: 846.0322s
- Total trial time: 846.0324s
process(0) = 1 @epoch: 1 | input: 1 | faulty: False
process(1) = 1 @epoch: 1 | input: 1 | faulty: False
process(2) = 1 @epoch: 1 | input: 1 | faulty: False
process(3) = 1 @epoch: 1 | input: 0 | faulty: True
process(4) = 1 @epoch: 1 | input: 0 | faulty: False
process(5) = 1 @epoch: 1 | input: 1 | faulty: False
process(6) = 1 @epoch: 1 | input: 1 | faulty: False
process(7) = 1 @epoch: 1 | input: 1 | faulty: False
process(8) = 1 @epoch: 1 | input: 0 | faulty: True
process(9) = 1 @epoch: 1 | input: 1 | faulty: True
process(10) = 1 @epoch: 1 | input: 0 | faulty: True
process(11) = 1 @epoch: 1 | input: 0 | faulty: True
process(12) = 1 @epoch: 1 | input: 0 | faulty: False
process(13) = 1 @epoch: 1 | input: 0 | faulty: False
process(14) = 1 @epoch: 1 | input: 1 | faulty: False
process(15) = 1 @epoch: 1 | input: 0 | faulty: False
process(16) = 1 @epoch: 1 | input: 1 | faulty: False
process(17) = 1 @epoch: 1 | input: 0 | faulty: True
process(18) = 1 @epoch: 1 | input: 1 | faulty: False
process(19) = 1 @epoch: 1 | input: 1 | faulty: True
process(20) = 1 @epoch: 1 | input: 1 | faulty: False
process(21) = 1 @epoch: 1 | input: 0 | faulty: False
process(22) = 1 @epoch: 1 | input: 1 | faulty: False
process(23) = 1 @epoch: 1 | input: 0 | faulty: True
process(24) = 1 @epoch: 1 | input: 1 | faulty: True
process(25) = 1 @epoch: 1 | input: 0 | faulty: False
process(26) = 1 @epoch: 1 | input: 1 | faulty: False
process(27) = 1 @epoch: 1 | input: 0 | faulty: False

[First to decide] Process(11) decided at epoch 1
PASSED TESTS:  4 / 4
Lemma 9:  True
Agreement:  True
Termination:  True
Validity:  True


==================================================
TRIAL 2/5 | 2025-06-28 13:31:50
Processes: 28 | Adversary: 1
==================================================

Timing breakdown:
- Initialization: 0.0001s
- Process creation: 0.0001s
- Agreement protocol: 1831.8860s
- Total trial time: 1831.8861s
process(0) = 1 @epoch: 1 | input: 1 | faulty: False
process(1) = 1 @epoch: 1 | input: 1 | faulty: False
process(2) = 1 @epoch: 1 | input: 1 | faulty: False
process(3) = 1 @epoch: 1 | input: 1 | faulty: False
process(4) = 1 @epoch: 1 | input: 0 | faulty: False
process(5) = 1 @epoch: 1 | input: 0 | faulty: False
process(6) = 1 @epoch: 1 | input: 1 | faulty: False
process(7) = 1 @epoch: 1 | input: 0 | faulty: False
process(8) = 1 @epoch: 1 | input: 0 | faulty: False
process(9) = 1 @epoch: 1 | input: 1 | faulty: False
process(10) = 1 @epoch: 1 | input: 1 | faulty: False
process(11) = 1 @epoch: 1 | input: 1 | faulty: False
process(12) = 1 @epoch: 1 | input: 0 | faulty: False
process(13) = 1 @epoch: 1 | input: 1 | faulty: False
process(14) = 1 @epoch: 1 | input: 0 | faulty: False
process(15) = 1 @epoch: 1 | input: 0 | faulty: False
process(16) = 1 @epoch: 1 | input: 1 | faulty: False
process(17) = 1 @epoch: 1 | input: 1 | faulty: False
process(18) = 1 @epoch: 1 | input: 1 | faulty: False
process(19) = 1 @epoch: 1 | input: 1 | faulty: False
process(20) = 1 @epoch: 1 | input: 0 | faulty: False
process(21) = 1 @epoch: 1 | input: 1 | faulty: False
process(22) = 1 @epoch: 1 | input: 1 | faulty: False
process(23) = 1 @epoch: 1 | input: 0 | faulty: False
process(24) = 1 @epoch: 1 | input: 1 | faulty: False
process(25) = 1 @epoch: 1 | input: 1 | faulty: False
process(26) = 1 @epoch: 1 | input: 1 | faulty: False
process(27) = 1 @epoch: 1 | input: 0 | faulty: False

[First to decide] Process(25) decided at epoch 1
PASSED TESTS:  4 / 4
Lemma 9:  True
Agreement:  True
Termination:  True
Validity:  True


==================================================
TRIAL 3/5 | 2025-06-28 14:02:22
Processes: 28 | Adversary: 1
==================================================

Timing breakdown:
- Initialization: 0.0001s
- Process creation: 0.0001s
- Agreement protocol: 1839.1441s
- Total trial time: 1839.1443s
process(0) = 1 @epoch: 1 | input: 1 | faulty: False
process(1) = 1 @epoch: 1 | input: 1 | faulty: False
process(2) = 1 @epoch: 1 | input: 1 | faulty: False
process(3) = 1 @epoch: 1 | input: 1 | faulty: False
process(4) = 1 @epoch: 1 | input: 0 | faulty: False
process(5) = 1 @epoch: 1 | input: 0 | faulty: False
process(6) = 1 @epoch: 1 | input: 1 | faulty: False
process(7) = 1 @epoch: 1 | input: 0 | faulty: False
process(8) = 1 @epoch: 1 | input: 1 | faulty: False
process(9) = 1 @epoch: 1 | input: 1 | faulty: False
process(10) = 1 @epoch: 1 | input: 0 | faulty: False
process(11) = 1 @epoch: 1 | input: 1 | faulty: False
process(12) = 1 @epoch: 1 | input: 0 | faulty: False
process(13) = 1 @epoch: 1 | input: 0 | faulty: False
process(14) = 1 @epoch: 1 | input: 1 | faulty: False
process(15) = 1 @epoch: 1 | input: 1 | faulty: False
process(16) = 1 @epoch: 1 | input: 1 | faulty: False
process(17) = 1 @epoch: 1 | input: 1 | faulty: False
process(18) = 1 @epoch: 1 | input: 1 | faulty: False
process(19) = 1 @epoch: 1 | input: 1 | faulty: False
process(20) = 1 @epoch: 1 | input: 0 | faulty: False
process(21) = 1 @epoch: 1 | input: 0 | faulty: False
process(22) = 1 @epoch: 1 | input: 1 | faulty: False
process(23) = 1 @epoch: 1 | input: 0 | faulty: False
process(24) = 1 @epoch: 1 | input: 0 | faulty: False
process(25) = 1 @epoch: 1 | input: 1 | faulty: False
process(26) = 1 @epoch: 1 | input: 0 | faulty: False
process(27) = 1 @epoch: 1 | input: 0 | faulty: False

[First to decide] Process(5) decided at epoch 1
PASSED TESTS:  4 / 4
Lemma 9:  True
Agreement:  True
Termination:  True
Validity:  True


==================================================
TRIAL 4/5 | 2025-06-28 14:33:01
Processes: 28 | Adversary: 1
==================================================

Timing breakdown:
- Initialization: 0.0001s
- Process creation: 0.0001s
- Agreement protocol: 1847.2789s
- Total trial time: 1847.2791s
process(0) = 1 @epoch: 1 | input: 0 | faulty: False
process(1) = 1 @epoch: 1 | input: 1 | faulty: False
process(2) = 1 @epoch: 1 | input: 1 | faulty: False
process(3) = 1 @epoch: 1 | input: 0 | faulty: False
process(4) = 1 @epoch: 1 | input: 1 | faulty: False
process(5) = 1 @epoch: 1 | input: 1 | faulty: False
process(6) = 1 @epoch: 1 | input: 1 | faulty: False
process(7) = 1 @epoch: 1 | input: 1 | faulty: False
process(8) = 1 @epoch: 1 | input: 0 | faulty: False
process(9) = 1 @epoch: 1 | input: 1 | faulty: False
process(10) = 1 @epoch: 1 | input: 1 | faulty: False
process(11) = 1 @epoch: 1 | input: 1 | faulty: False
process(12) = 1 @epoch: 1 | input: 1 | faulty: False
process(13) = 1 @epoch: 1 | input: 1 | faulty: False
process(14) = 1 @epoch: 1 | input: 0 | faulty: False
process(15) = 1 @epoch: 1 | input: 0 | faulty: False
process(16) = 1 @epoch: 1 | input: 0 | faulty: False
process(17) = 1 @epoch: 1 | input: 1 | faulty: False
process(18) = 1 @epoch: 1 | input: 0 | faulty: False
process(19) = 1 @epoch: 1 | input: 1 | faulty: False
process(20) = 1 @epoch: 1 | input: 0 | faulty: False
process(21) = 1 @epoch: 1 | input: 1 | faulty: False
process(22) = 1 @epoch: 1 | input: 1 | faulty: False
process(23) = 1 @epoch: 1 | input: 1 | faulty: False
process(24) = 1 @epoch: 1 | input: 1 | faulty: False
process(25) = 1 @epoch: 1 | input: 1 | faulty: False
process(26) = 1 @epoch: 1 | input: 0 | faulty: False
process(27) = 1 @epoch: 1 | input: 0 | faulty: False

[First to decide] Process(5) decided at epoch 1
PASSED TESTS:  4 / 4
Lemma 9:  True
Agreement:  True
Termination:  True
Validity:  True


==================================================
TRIAL 5/5 | 2025-06-28 15:03:49
Processes: 28 | Adversary: 1
==================================================

Timing breakdown:
- Initialization: 0.0001s
- Process creation: 0.0001s
- Agreement protocol: 1850.8892s
- Total trial time: 1850.8895s
process(0) = 1 @epoch: 1 | input: 0 | faulty: False
process(1) = 1 @epoch: 1 | input: 0 | faulty: False
process(2) = 1 @epoch: 1 | input: 1 | faulty: False
process(3) = 1 @epoch: 1 | input: 0 | faulty: False
process(4) = 1 @epoch: 1 | input: 1 | faulty: False
process(5) = 1 @epoch: 1 | input: 1 | faulty: False
process(6) = 1 @epoch: 1 | input: 1 | faulty: False
process(7) = 1 @epoch: 1 | input: 1 | faulty: False
process(8) = 1 @epoch: 1 | input: 1 | faulty: False
process(9) = 1 @epoch: 1 | input: 1 | faulty: False
process(10) = 1 @epoch: 1 | input: 0 | faulty: False
process(11) = 1 @epoch: 1 | input: 0 | faulty: False
process(12) = 1 @epoch: 1 | input: 1 | faulty: False
process(13) = 1 @epoch: 1 | input: 1 | faulty: False
process(14) = 1 @epoch: 1 | input: 1 | faulty: False
process(15) = 1 @epoch: 1 | input: 0 | faulty: False
process(16) = 1 @epoch: 1 | input: 0 | faulty: False
process(17) = 1 @epoch: 1 | input: 1 | faulty: False
process(18) = 1 @epoch: 1 | input: 0 | faulty: False
process(19) = 1 @epoch: 1 | input: 1 | faulty: False
process(20) = 1 @epoch: 1 | input: 1 | faulty: False
process(21) = 1 @epoch: 1 | input: 1 | faulty: False
process(22) = 1 @epoch: 1 | input: 1 | faulty: False
process(23) = 1 @epoch: 1 | input: 1 | faulty: False
process(24) = 1 @epoch: 1 | input: 0 | faulty: False
process(25) = 1 @epoch: 1 | input: 0 | faulty: False
process(26) = 1 @epoch: 1 | input: 1 | faulty: False
process(27) = 1 @epoch: 1 | input: 0 | faulty: False

[First to decide] Process(22) decided at epoch 1
PASSED TESTS:  4 / 4
Lemma 9:  True
Agreement:  True
Termination:  True
Validity:  True


##################################################
SUMMARY OVER 5 TRIALS
##################################################
Average time per trial: 1643.05s ± 445.61s
Average decision epoch: 1.00 ± 0.00

Detailed timings:
Trial 1: 846.0322s
Trial 2: 1831.8860s
Trial 3: 1839.1441s
Trial 4: 1847.2789s
Trial 5: 1850.8892s
