
##################################################
Starting benchmark with 28 processes and adversary behavior 2
Total trials: 5
##################################################


==================================================
TRIAL 1/5 | 2025-06-28 15:34:40
Processes: 28 | Adversary: 2
==================================================

Timing breakdown:
- Initialization: 0.0000s
- Process creation: 0.0001s
- Agreement protocol: 836.1715s
- Total trial time: 836.1716s
process(0) = 1 @epoch: 1 | input: 0 | faulty: False
process(1) = 1 @epoch: 1 | input: 1 | faulty: True
process(2) = 1 @epoch: 1 | input: 1 | faulty: True
process(3) = 1 @epoch: 1 | input: 1 | faulty: False
process(4) = 1 @epoch: 1 | input: 1 | faulty: False
process(5) = 1 @epoch: 1 | input: 1 | faulty: True
process(6) = 1 @epoch: 1 | input: 1 | faulty: True
process(7) = 1 @epoch: 1 | input: 0 | faulty: False
process(8) = 1 @epoch: 1 | input: 0 | faulty: False
process(9) = 1 @epoch: 1 | input: 0 | faulty: False
process(10) = 1 @epoch: 1 | input: 1 | faulty: False
process(11) = 1 @epoch: 1 | input: 0 | faulty: True
process(12) = 1 @epoch: 1 | input: 0 | faulty: False
process(13) = 1 @epoch: 1 | input: 1 | faulty: False
process(14) = 1 @epoch: 1 | input: 1 | faulty: False
process(15) = 1 @epoch: 1 | input: 1 | faulty: False
process(16) = 1 @epoch: 1 | input: 1 | faulty: False
process(17) = 1 @epoch: 1 | input: 1 | faulty: False
process(18) = 1 @epoch: 1 | input: 0 | faulty: False
process(19) = 1 @epoch: 1 | input: 1 | faulty: False
process(20) = 1 @epoch: 1 | input: 1 | faulty: True
process(21) = 1 @epoch: 1 | input: 0 | faulty: True
process(22) = 1 @epoch: 1 | input: 0 | faulty: True
process(23) = 1 @epoch: 1 | input: 0 | faulty: False
process(24) = 1 @epoch: 1 | input: 0 | faulty: False
process(25) = 1 @epoch: 1 | input: 1 | faulty: True
process(26) = 1 @epoch: 1 | input: 0 | faulty: False
process(27) = 1 @epoch: 1 | input: 0 | faulty: False

[First to decide] Process(21) decided at epoch 1
PASSED TESTS:  4 / 4
Lemma 9:  True
Agreement:  True
Termination:  True
Validity:  True


==================================================
TRIAL 2/5 | 2025-06-28 15:48:36
Processes: 28 | Adversary: 2
==================================================

Timing breakdown:
- Initialization: 0.0001s
- Process creation: 0.0001s
- Agreement protocol: 1840.0035s
- Total trial time: 1840.0036s
process(0) = 1 @epoch: 1 | input: 1 | faulty: False
process(1) = 1 @epoch: 1 | input: 1 | faulty: False
process(2) = 1 @epoch: 1 | input: 0 | faulty: False
process(3) = 1 @epoch: 1 | input: 1 | faulty: False
process(4) = 1 @epoch: 1 | input: 1 | faulty: False
process(5) = 1 @epoch: 1 | input: 0 | faulty: False
process(6) = 1 @epoch: 1 | input: 1 | faulty: False
process(7) = 1 @epoch: 1 | input: 0 | faulty: False
process(8) = 1 @epoch: 1 | input: 1 | faulty: False
process(9) = 1 @epoch: 1 | input: 0 | faulty: False
process(10) = 1 @epoch: 1 | input: 1 | faulty: False
process(11) = 1 @epoch: 1 | input: 0 | faulty: False
process(12) = 1 @epoch: 1 | input: 0 | faulty: False
process(13) = 1 @epoch: 1 | input: 0 | faulty: False
process(14) = 1 @epoch: 1 | input: 1 | faulty: False
process(15) = 1 @epoch: 1 | input: 0 | faulty: False
process(16) = 1 @epoch: 1 | input: 1 | faulty: False
process(17) = 1 @epoch: 1 | input: 1 | faulty: False
process(18) = 1 @epoch: 1 | input: 0 | faulty: False
process(19) = 1 @epoch: 1 | input: 1 | faulty: False
process(20) = 1 @epoch: 1 | input: 0 | faulty: False
process(21) = 1 @epoch: 1 | input: 0 | faulty: False
process(22) = 1 @epoch: 1 | input: 1 | faulty: False
process(23) = 1 @epoch: 1 | input: 1 | faulty: False
process(24) = 1 @epoch: 1 | input: 0 | faulty: False
process(25) = 1 @epoch: 1 | input: 1 | faulty: False
process(26) = 1 @epoch: 1 | input: 1 | faulty: False
process(27) = 1 @epoch: 1 | input: 0 | faulty: False

[First to decide] Process(25) decided at epoch 1
PASSED TESTS:  4 / 4
Lemma 9:  True
Agreement:  True
Termination:  True
Validity:  True


==================================================
TRIAL 3/5 | 2025-06-28 16:19:16
Processes: 28 | Adversary: 2
==================================================

Timing breakdown:
- Initialization: 0.0001s
- Process creation: 0.0001s
- Agreement protocol: 1827.5257s
- Total trial time: 1827.5259s
process(0) = 0 @epoch: 1 | input: 0 | faulty: False
process(1) = 0 @epoch: 1 | input: 1 | faulty: False
process(2) = 0 @epoch: 1 | input: 0 | faulty: False
process(3) = 0 @epoch: 1 | input: 1 | faulty: False
process(4) = 0 @epoch: 1 | input: 1 | faulty: False
process(5) = 0 @epoch: 1 | input: 1 | faulty: False
process(6) = 0 @epoch: 1 | input: 1 | faulty: False
process(7) = 0 @epoch: 1 | input: 0 | faulty: False
process(8) = 0 @epoch: 1 | input: 0 | faulty: False
process(9) = 0 @epoch: 1 | input: 1 | faulty: False
process(10) = 0 @epoch: 1 | input: 0 | faulty: False
process(11) = 0 @epoch: 1 | input: 1 | faulty: False
process(12) = 0 @epoch: 1 | input: 1 | faulty: False
process(13) = 0 @epoch: 1 | input: 0 | faulty: False
process(14) = 0 @epoch: 1 | input: 1 | faulty: False
process(15) = 0 @epoch: 1 | input: 1 | faulty: False
process(16) = 0 @epoch: 1 | input: 0 | faulty: False
process(17) = 0 @epoch: 1 | input: 0 | faulty: False
process(18) = 0 @epoch: 1 | input: 1 | faulty: False
process(19) = 0 @epoch: 1 | input: 0 | faulty: False
process(20) = 0 @epoch: 1 | input: 0 | faulty: False
process(21) = 0 @epoch: 1 | input: 0 | faulty: False
process(22) = 0 @epoch: 1 | input: 0 | faulty: False
process(23) = 0 @epoch: 1 | input: 0 | faulty: False
process(24) = 0 @epoch: 1 | input: 0 | faulty: False
process(25) = 0 @epoch: 1 | input: 0 | faulty: False
process(26) = 0 @epoch: 1 | input: 0 | faulty: False
process(27) = 0 @epoch: 1 | input: 0 | faulty: False

[First to decide] Process(3) decided at epoch 1
PASSED TESTS:  4 / 4
Lemma 9:  True
Agreement:  True
Termination:  True
Validity:  True


==================================================
TRIAL 4/5 | 2025-06-28 16:49:43
Processes: 28 | Adversary: 2
==================================================

Timing breakdown:
- Initialization: 0.0001s
- Process creation: 0.0001s
- Agreement protocol: 2786.7594s
- Total trial time: 2786.7596s
process(0) = 0 @epoch: 2 | input: 1 | faulty: False
process(1) = 0 @epoch: 2 | input: 0 | faulty: False
process(2) = 0 @epoch: 2 | input: 0 | faulty: False
process(3) = 0 @epoch: 2 | input: 1 | faulty: False
process(4) = 0 @epoch: 2 | input: 0 | faulty: False
process(5) = 0 @epoch: 2 | input: 0 | faulty: False
process(6) = 0 @epoch: 2 | input: 1 | faulty: False
process(7) = 0 @epoch: 2 | input: 0 | faulty: False
process(8) = 0 @epoch: 2 | input: 1 | faulty: False
process(9) = 0 @epoch: 2 | input: 1 | faulty: False
process(10) = 0 @epoch: 2 | input: 0 | faulty: False
process(11) = 0 @epoch: 2 | input: 1 | faulty: False
process(12) = 0 @epoch: 2 | input: 1 | faulty: False
process(13) = 0 @epoch: 2 | input: 0 | faulty: False
process(14) = 0 @epoch: 2 | input: 0 | faulty: False
process(15) = 0 @epoch: 2 | input: 0 | faulty: False
process(16) = 0 @epoch: 2 | input: 1 | faulty: False
process(17) = 0 @epoch: 2 | input: 0 | faulty: False
process(18) = 0 @epoch: 2 | input: 1 | faulty: False
process(19) = 0 @epoch: 2 | input: 0 | faulty: False
process(20) = 0 @epoch: 2 | input: 0 | faulty: False
process(21) = 0 @epoch: 2 | input: 1 | faulty: False
process(22) = 0 @epoch: 2 | input: 1 | faulty: False
process(23) = 0 @epoch: 2 | input: 1 | faulty: False
process(24) = 0 @epoch: 2 | input: 1 | faulty: False
process(25) = 0 @epoch: 2 | input: 1 | faulty: False
process(26) = 0 @epoch: 2 | input: 0 | faulty: False
process(27) = 0 @epoch: 2 | input: 0 | faulty: False

[First to decide] Process(10) decided at epoch 2
PASSED TESTS:  4 / 4
Lemma 9:  True
Agreement:  True
Termination:  True
Validity:  True


==================================================
TRIAL 5/5 | 2025-06-28 17:36:10
Processes: 28 | Adversary: 2
==================================================

Timing breakdown:
- Initialization: 0.0001s
- Process creation: 0.0001s
- Agreement protocol: 1864.2878s
- Total trial time: 1864.2880s
process(0) = 1 @epoch: 1 | input: 1 | faulty: False
process(1) = 1 @epoch: 1 | input: 1 | faulty: False
process(2) = 1 @epoch: 1 | input: 1 | faulty: False
process(3) = 1 @epoch: 1 | input: 0 | faulty: False
process(4) = 1 @epoch: 1 | input: 0 | faulty: False
process(5) = 1 @epoch: 1 | input: 1 | faulty: False
process(6) = 1 @epoch: 1 | input: 1 | faulty: False
process(7) = 1 @epoch: 1 | input: 0 | faulty: False
process(8) = 1 @epoch: 1 | input: 0 | faulty: False
process(9) = 1 @epoch: 1 | input: 0 | faulty: False
process(10) = 1 @epoch: 1 | input: 1 | faulty: False
process(11) = 1 @epoch: 1 | input: 0 | faulty: False
process(12) = 1 @epoch: 1 | input: 0 | faulty: False
process(13) = 1 @epoch: 1 | input: 1 | faulty: False
process(14) = 1 @epoch: 1 | input: 1 | faulty: False
process(15) = 1 @epoch: 1 | input: 0 | faulty: False
process(16) = 1 @epoch: 1 | input: 1 | faulty: False
process(17) = 1 @epoch: 1 | input: 1 | faulty: False
process(18) = 1 @epoch: 1 | input: 0 | faulty: False
process(19) = 1 @epoch: 1 | input: 0 | faulty: False
process(20) = 1 @epoch: 1 | input: 0 | faulty: False
process(21) = 1 @epoch: 1 | input: 1 | faulty: False
process(22) = 1 @epoch: 1 | input: 0 | faulty: False
process(23) = 1 @epoch: 1 | input: 0 | faulty: False
process(24) = 1 @epoch: 1 | input: 1 | faulty: False
process(25) = 1 @epoch: 1 | input: 1 | faulty: False
process(26) = 1 @epoch: 1 | input: 1 | faulty: False
process(27) = 1 @epoch: 1 | input: 1 | faulty: False

[First to decide] Process(18) decided at epoch 1
PASSED TESTS:  4 / 4
Lemma 9:  True
Agreement:  True
Termination:  True
Validity:  True


##################################################
SUMMARY OVER 5 TRIALS
##################################################
Average time per trial: 1830.95s ± 689.99s
Average decision epoch: 1.20 ± 0.45

Detailed timings:
Trial 1: 836.1715s
Trial 2: 1840.0035s
Trial 3: 1827.5257s
Trial 4: 2786.7594s
Trial 5: 1864.2878s
