
##################################################
Starting benchmark with 2 processes and adversary behavior 1
Total trials: 3
##################################################


==================================================
TRIAL 1/3 | 2025-06-29 02:09:15
Processes: 2 | Adversary: 1
==================================================

Timing breakdown:
- Initialization: 0.0000s
- Process creation: 0.0000s
- Agreement protocol: 9.5193s
- Total trial time: 9.5194s
process(0) = 0 @epoch: 1 | input: 0 | faulty: False
process(1) = 0 @epoch: 1 | input: 0 | faulty: False

[First to decide] Process(1) decided at epoch 1
PASSED TESTS:  4 / 4
Lemma 9:  True
Agreement:  True
Termination:  True
Validity:  True


==================================================
TRIAL 2/3 | 2025-06-29 02:09:25
Processes: 2 | Adversary: 1
==================================================

Timing breakdown:
- Initialization: 0.0000s
- Process creation: 0.0000s
- Agreement protocol: 6.6152s
- Total trial time: 6.6152s
process(0) = 1 @epoch: 1 | input: 1 | faulty: False
process(1) = 1 @epoch: 1 | input: 1 | faulty: False

[First to decide] Process(1) decided at epoch 1
PASSED TESTS:  4 / 4
Lemma 9:  True
Agreement:  True
Termination:  True
Validity:  True


==================================================
TRIAL 3/3 | 2025-06-29 02:09:31
Processes: 2 | Adversary: 1
==================================================

Timing breakdown:
- Initialization: 0.0000s
- Process creation: 0.0000s
- Agreement protocol: 10.4915s
- Total trial time: 10.4916s
process(0) = 1 @epoch: 2 | input: 1 | faulty: False
process(1) = 1 @epoch: 2 | input: 0 | faulty: False

[First to decide] Process(0) decided at epoch 2
PASSED TESTS:  4 / 4
Lemma 9:  True
Agreement:  True
Termination:  True
Validity:  True


##################################################
SUMMARY OVER 3 TRIALS
##################################################
Average time per trial: 8.88s ± 2.02s
Average decision epoch: 1.33 ± 0.58

Detailed timings:
Trial 1: 9.5193s
Trial 2: 6.6152s
Trial 3: 10.4915s
