
##################################################
Starting benchmark with 2 processes and adversary behavior 2
Total trials: 3
##################################################


==================================================
TRIAL 1/3 | 2025-06-29 02:09:42
Processes: 2 | Adversary: 2
==================================================

Timing breakdown:
- Initialization: 0.0000s
- Process creation: 0.0000s
- Agreement protocol: 9.4272s
- Total trial time: 9.4272s
process(0) = 0 @epoch: 1 | input: 0 | faulty: False
process(1) = 0 @epoch: 1 | input: 0 | faulty: False

[First to decide] Process(1) decided at epoch 1
PASSED TESTS:  4 / 4
Lemma 9:  True
Agreement:  True
Termination:  True
Validity:  True


==================================================
TRIAL 2/3 | 2025-06-29 02:09:51
Processes: 2 | Adversary: 2
==================================================

Timing breakdown:
- Initialization: 0.0000s
- Process creation: 0.0000s
- Agreement protocol: 6.0611s
- Total trial time: 6.0612s
process(0) = 1 @epoch: 1 | input: 1 | faulty: False
process(1) = 1 @epoch: 1 | input: 1 | faulty: False

[First to decide] Process(0) decided at epoch 1
PASSED TESTS:  4 / 4
Lemma 9:  True
Agreement:  True
Termination:  True
Validity:  True


==================================================
TRIAL 3/3 | 2025-06-29 02:09:58
Processes: 2 | Adversary: 2
==================================================

Timing breakdown:
- Initialization: 0.0000s
- Process creation: 0.0000s
- Agreement protocol: 10.4552s
- Total trial time: 10.4553s
process(0) = 0 @epoch: 2 | input: 0 | faulty: False
process(1) = 0 @epoch: 2 | input: 1 | faulty: False

[First to decide] Process(1) decided at epoch 2
PASSED TESTS:  4 / 4
Lemma 9:  True
Agreement:  True
Termination:  True
Validity:  True


##################################################
SUMMARY OVER 3 TRIALS
##################################################
Average time per trial: 8.65s ± 2.30s
Average decision epoch: 1.33 ± 0.58

Detailed timings:
Trial 1: 9.4272s
Trial 2: 6.0611s
Trial 3: 10.4552s
