
##################################################
Starting benchmark with 4 processes and adversary behavior 1
Total trials: 3
##################################################


==================================================
TRIAL 1/3 | 2025-06-29 02:10:08
Processes: 4 | Adversary: 1
==================================================

Timing breakdown:
- Initialization: 0.0000s
- Process creation: 0.0000s
- Agreement protocol: 26.9911s
- Total trial time: 26.9912s
process(0) = 1 @epoch: 1 | input: 1 | faulty: False
process(1) = 1 @epoch: 1 | input: 1 | faulty: True
process(2) = 1 @epoch: 1 | input: 1 | faulty: False
process(3) = 1 @epoch: 1 | input: 1 | faulty: False

[First to decide] Process(1) decided at epoch 1
PASSED TESTS:  4 / 4
Lemma 9:  True
Agreement:  True
Termination:  True
Validity:  True


==================================================
TRIAL 2/3 | 2025-06-29 02:10:35
Processes: 4 | Adversary: 1
==================================================

Timing breakdown:
- Initialization: 0.0000s
- Process creation: 0.0000s
- Agreement protocol: 16.5919s
- Total trial time: 16.5920s
process(0) = 1 @epoch: 1 | input: 1 | faulty: True
process(1) = 1 @epoch: 1 | input: 1 | faulty: False
process(2) = 1 @epoch: 1 | input: 1 | faulty: False
process(3) = 1 @epoch: 1 | input: 1 | faulty: False

[First to decide] Process(0) decided at epoch 1
PASSED TESTS:  4 / 4
Lemma 9:  True
Agreement:  True
Termination:  True
Validity:  True


==================================================
TRIAL 3/3 | 2025-06-29 02:10:52
Processes: 4 | Adversary: 1
==================================================

Timing breakdown:
- Initialization: 0.0000s
- Process creation: 0.0000s
- Agreement protocol: 16.7091s
- Total trial time: 16.7091s
process(0) = 0 @epoch: 1 | input: 0 | faulty: True
process(1) = 0 @epoch: 1 | input: 0 | faulty: False
process(2) = 0 @epoch: 1 | input: 0 | faulty: False
process(3) = 0 @epoch: 1 | input: 0 | faulty: False

[First to decide] Process(0) decided at epoch 1
PASSED TESTS:  4 / 4
Lemma 9:  True
Agreement:  True
Termination:  True
Validity:  True


##################################################
SUMMARY OVER 3 TRIALS
##################################################
Average time per trial: 20.10s ± 5.97s
Average decision epoch: 1.00 ± 0.00

Detailed timings:
Trial 1: 26.9911s
Trial 2: 16.5919s
Trial 3: 16.7091s
