
##################################################
Starting benchmark with 82 processes and adversary behavior 1
Total trials: 5
##################################################


==================================================
TRIAL 1/5 | 2025-06-28 18:07:15
Processes: 82 | Adversary: 1
==================================================

Timing breakdown:
- Initialization: 0.0000s
- Process creation: 0.0003s
- Agreement protocol: 7873.9751s
- Total trial time: 7873.9754s
process(0) = 1 @epoch: 1 | input: 1 | faulty: False
process(1) = 1 @epoch: 1 | input: 1 | faulty: False
process(2) = 1 @epoch: 1 | input: 1 | faulty: False
process(3) = 1 @epoch: 1 | input: 1 | faulty: False
process(4) = 1 @epoch: 1 | input: 1 | faulty: False
process(5) = 1 @epoch: 1 | input: 1 | faulty: False
process(6) = 1 @epoch: 1 | input: 1 | faulty: False
process(7) = 1 @epoch: 1 | input: 1 | faulty: True
process(8) = 1 @epoch: 1 | input: 0 | faulty: False
process(9) = 1 @epoch: 1 | input: 0 | faulty: False
process(10) = 1 @epoch: 1 | input: 0 | faulty: False
process(11) = 1 @epoch: 1 | input: 1 | faulty: False
process(12) = 1 @epoch: 1 | input: 0 | faulty: False
process(13) = 1 @epoch: 1 | input: 0 | faulty: False
process(14) = 1 @epoch: 1 | input: 0 | faulty: False
process(15) = 1 @epoch: 1 | input: 1 | faulty: False
process(16) = 1 @epoch: 1 | input: 1 | faulty: False
process(17) = 1 @epoch: 1 | input: 0 | faulty: False
process(18) = 1 @epoch: 1 | input: 0 | faulty: False
process(19) = 1 @epoch: 1 | input: 0 | faulty: True
process(20) = 1 @epoch: 1 | input: 1 | faulty: True
process(21) = 1 @epoch: 1 | input: 1 | faulty: False
process(22) = 1 @epoch: 1 | input: 0 | faulty: False
process(23) = 1 @epoch: 1 | input: 0 | faulty: False
process(24) = 1 @epoch: 1 | input: 0 | faulty: True
process(25) = 1 @epoch: 1 | input: 0 | faulty: True
process(26) = 1 @epoch: 1 | input: 1 | faulty: False
process(27) = 1 @epoch: 1 | input: 1 | faulty: False
process(28) = 1 @epoch: 1 | input: 0 | faulty: True
process(29) = 1 @epoch: 1 | input: 0 | faulty: True
process(30) = 1 @epoch: 1 | input: 0 | faulty: False
process(31) = 1 @epoch: 1 | input: 0 | faulty: False
process(32) = 1 @epoch: 1 | input: 1 | faulty: False
process(33) = 1 @epoch: 1 | input: 1 | faulty: False
process(34) = 1 @epoch: 1 | input: 1 | faulty: True
process(35) = 1 @epoch: 1 | input: 0 | faulty: False
process(36) = 1 @epoch: 1 | input: 1 | faulty: False
process(37) = 1 @epoch: 1 | input: 1 | faulty: False
process(38) = 1 @epoch: 1 | input: 1 | faulty: False
process(39) = 1 @epoch: 1 | input: 0 | faulty: False
process(40) = 1 @epoch: 1 | input: 0 | faulty: True
process(41) = 1 @epoch: 1 | input: 1 | faulty: False
process(42) = 1 @epoch: 1 | input: 1 | faulty: True
process(43) = 1 @epoch: 1 | input: 1 | faulty: True
process(44) = 1 @epoch: 1 | input: 0 | faulty: True
process(45) = 1 @epoch: 1 | input: 0 | faulty: True
process(46) = 1 @epoch: 1 | input: 0 | faulty: True
process(47) = 1 @epoch: 1 | input: 1 | faulty: False
process(48) = 1 @epoch: 1 | input: 0 | faulty: True
process(49) = 1 @epoch: 1 | input: 1 | faulty: False
process(50) = 1 @epoch: 1 | input: 0 | faulty: True
process(51) = 1 @epoch: 1 | input: 0 | faulty: False
process(52) = 1 @epoch: 1 | input: 0 | faulty: False
process(53) = 1 @epoch: 1 | input: 1 | faulty: True
process(54) = 1 @epoch: 1 | input: 0 | faulty: False
process(55) = 1 @epoch: 1 | input: 1 | faulty: False
process(56) = 1 @epoch: 1 | input: 0 | faulty: False
process(57) = 1 @epoch: 1 | input: 0 | faulty: False
process(58) = 1 @epoch: 1 | input: 0 | faulty: False
process(59) = 1 @epoch: 1 | input: 1 | faulty: True
process(60) = 1 @epoch: 1 | input: 1 | faulty: True
process(61) = 1 @epoch: 1 | input: 0 | faulty: True
process(62) = 1 @epoch: 1 | input: 1 | faulty: False
process(63) = 1 @epoch: 1 | input: 0 | faulty: True
process(64) = 1 @epoch: 1 | input: 1 | faulty: True
process(65) = 1 @epoch: 1 | input: 1 | faulty: True
process(66) = 1 @epoch: 1 | input: 1 | faulty: True
process(67) = 1 @epoch: 1 | input: 0 | faulty: True
process(68) = 1 @epoch: 1 | input: 0 | faulty: False
process(69) = 1 @epoch: 1 | input: 0 | faulty: False
process(70) = 1 @epoch: 1 | input: 1 | faulty: False
process(71) = 1 @epoch: 1 | input: 1 | faulty: False
process(72) = 1 @epoch: 1 | input: 1 | faulty: False
process(73) = 1 @epoch: 1 | input: 0 | faulty: False
process(74) = 1 @epoch: 1 | input: 1 | faulty: False
process(75) = 1 @epoch: 1 | input: 1 | faulty: True
process(76) = 1 @epoch: 1 | input: 0 | faulty: False
process(77) = 1 @epoch: 1 | input: 0 | faulty: False
process(78) = 1 @epoch: 1 | input: 1 | faulty: True
process(79) = 1 @epoch: 1 | input: 0 | faulty: False
process(80) = 1 @epoch: 1 | input: 1 | faulty: False
process(81) = 1 @epoch: 1 | input: 1 | faulty: False

[First to decide] Process(50) decided at epoch 1
PASSED TESTS:  4 / 4
Lemma 9:  True
Agreement:  True
Termination:  True
Validity:  True


==================================================
TRIAL 2/5 | 2025-06-28 20:18:29
Processes: 82 | Adversary: 1
==================================================
Traceback (most recent call last):
  File "/home/duru/Documents/Thesis/impl-byzantine/benchmark.py", line 113, in <module>
    if __name__ == "__main__":
        ^^^^^^
  File "/home/duru/Documents/Thesis/impl-byzantine/benchmark.py", line 66, in main
    for thr in state.threads:
        ^^^^^^^^^^
  File "/usr/lib/python3.12/threading.py", line 1147, in join
    self._wait_for_tstate_lock()
  File "/usr/lib/python3.12/threading.py", line 1167, in _wait_for_tstate_lock
    if lock.acquire(block, timeout):
       ^^^^^^^^^^^^^^^^^^^^^^^^^^^^
KeyboardInterrupt
Exception in thread Thread-151 (agreement):
Traceback (most recent call last):
  File "/usr/lib/python3.12/threading.py", line 1073, in _bootstrap_inner
Exception ignored in: <module 'threading' from '/usr/lib/python3.12/threading.py'>
Traceback (most recent call last):
  File "/usr/lib/python3.12/threading.py", line 1622, in _shutdown
    self.run()
  File "/usr/lib/python3.12/threading.py", line 1010, in run
KeyboardInterrupt: 
FATAL: exception not rethrown
FATAL: exception not rethrown
